<?xml version="1.0" encoding="UTF-8"?>
<!-- Generated by org.testng.reporters.JUnitXMLReporter -->
<testsuite hostname="Mahesh77" ignored="0" name="Functional_Testing" tests="8" failures="0" timestamp="03 Feb 2020 05:52:52 GMT" time="151.341" errors="0">
  <testcase name="loginTest" time="4.434" classname="com.HRM.TestCases.Final_TestCase_Run"/>
  <testcase name="checkLoginHours" time="19.69" classname="com.HRM.TestCases.Final_TestCase_Run"/>
  <testcase name="checkPersonalDetails" time="17.977" classname="com.HRM.TestCases.Final_TestCase_Run"/>
  <testcase name="applyLeave" time="16.945" classname="com.HRM.TestCases.Final_TestCase_Run"/>
  <testcase name="GenerateRequest" time="11.507" classname="com.HRM.TestCases.Final_TestCase_Run"/>
  <testcase name="traningSummary" time="19.854" classname="com.HRM.TestCases.Final_TestCase_Run"/>
  <testcase name="changePassword" time="11.464" classname="com.HRM.TestCases.Final_TestCase_Run"/>
  <testcase name="leaveDetails" time="42.269" classname="com.HRM.TestCases.Final_TestCase_Run"/>
</testsuite> <!-- Functional_Testing -->
